<?xml version="1.0" encoding="UTF-8"?>
<!-- Generated by org.testng.reporters.JUnitXMLReporter -->
<testsuite ignored="1" hostname="Samadhan" failures="0" tests="6" name="Test" time="0.066" errors="0" timestamp="2022-08-16T09:27:33 IST">
  <testcase classname="test_2.rest_D_5" name="test_A" time="0.009"/>
  <testcase classname="test_2.rest_D_5" name="test_A" time="0.002"/>
  <testcase classname="test_2.rest_D_5" name="test_C" time="0.001"/>
  <testcase classname="test_2.rest_D_5" name="test_B" time="0.001"/>
  <testcase classname="test_2.rest_D_4" name="test_A" time="0.001"/>
  <testcase classname="test_2.rest_D_4" name="test_C" time="0.002"/>
  <testcase classname="test_2.rest_D_4" name="test_B" time="0.0">
    <ignored/>
  </testcase> <!-- test_B -->
</testsuite> <!-- Test -->
