<?xml version="1.0" encoding="UTF-8"?>
<testng-results ignored="0" total="1" passed="1" failed="0" skipped="0">
  <reporter-output>
  </reporter-output>
  <suite started-at="2022-08-17T09:28:51 IST" name="Default suite" finished-at="2022-08-17T09:29:02 IST" duration-ms="11191">
    <groups>
    </groups>
    <test started-at="2022-08-17T09:28:51 IST" name="Default test" finished-at="2022-08-17T09:29:02 IST" duration-ms="11191">
      <class name="test_3.test_B_3">
        <test-method signature="dn()[pri:0, instance:test_3.test_B_3@3835c46]" started-at="2022-08-17T09:28:51 IST" name="dn" finished-at="2022-08-17T09:29:02 IST" duration-ms="11123" status="PASS">
          <reporter-output>
          </reporter-output>
        </test-method> <!-- dn -->
      </class> <!-- test_3.test_B_3 -->
    </test> <!-- Default test -->
  </suite> <!-- Default suite -->
</testng-results>
