<?xml version="1.0" encoding="UTF-8"?>
<testng-results ignored="0" total="1" passed="1" failed="0" skipped="0">
  <reporter-output>
  </reporter-output>
  <suite started-at="2022-08-21T12:21:26 IST" name="Default suite" finished-at="2022-08-21T12:23:28 IST" duration-ms="122125">
    <groups>
    </groups>
    <test started-at="2022-08-21T12:21:26 IST" name="Default test" finished-at="2022-08-21T12:23:28 IST" duration-ms="122125">
      <class name="Test.test_case_001">
        <test-method is-config="true" signature="setup()[pri:0, instance:Test.test_case_001@498d318c]" started-at="2022-08-21T12:21:26 IST" name="setup" finished-at="2022-08-21T12:23:18 IST" duration-ms="112371" status="PASS">
          <reporter-output>
          </reporter-output>
        </test-method> <!-- setup -->
        <test-method signature="t1()[pri:0, instance:Test.test_case_001@498d318c]" started-at="2022-08-21T12:23:18 IST" name="t1" finished-at="2022-08-21T12:23:28 IST" duration-ms="9423" status="PASS">
          <reporter-output>
          </reporter-output>
        </test-method> <!-- t1 -->
        <test-method is-config="true" signature="tear_down()[pri:0, instance:Test.test_case_001@498d318c]" started-at="2022-08-21T12:23:28 IST" name="tear_down" finished-at="2022-08-21T12:23:28 IST" duration-ms="295" status="PASS">
          <reporter-output>
          </reporter-output>
        </test-method> <!-- tear_down -->
      </class> <!-- Test.test_case_001 -->
    </test> <!-- Default test -->
  </suite> <!-- Default suite -->
</testng-results>
